build/app/intermediates/manifest_merge_blame_file/release/manifest-merger-blame-release-report.txt
1<?xml version="1.0" encoding="utf-8"?>
2<manifest xmlns:android="http://schemas.android.com/apk/res/android"
3    package="com.example.mytracker"
4    android:versionCode="1"
5    android:versionName="1.0.0" >
6
7    <uses-sdk
8        android:minSdkVersion="20"
8-->src\main\AndroidManifest.xml
9        android:targetSdkVersion="31" />
9-->src\main\AndroidManifest.xml
10
11    <uses-permission android:name="android.permission.ACCESS_FINE_LOCATION" />
11-->src\main\AndroidManifest.xml:3:5-78
11-->src\main\AndroidManifest.xml:3:22-76
12    <uses-permission android:name="android.permission.ACCESS_COARSE_LOCATION" /> <!-- Include required permissions for Google Maps API to run. -->
12-->[:location] AndroidManifest.xml:7:5-81
12-->[:location] AndroidManifest.xml:7:22-78
13    <uses-permission android:name="android.permission.ACCESS_NETWORK_STATE" />
13-->[com.google.android.gms:play-services-maps:17.0.0] AndroidManifest.xml:23:5-79
13-->[com.google.android.gms:play-services-maps:17.0.0] AndroidManifest.xml:23:22-76
14    <uses-permission android:name="android.permission.INTERNET" />
14-->[com.google.android.gms:play-services-maps:17.0.0] AndroidManifest.xml:24:5-67
14-->[com.google.android.gms:play-services-maps:17.0.0] AndroidManifest.xml:24:22-64
15
16    <uses-feature
16-->[com.google.android.gms:play-services-maps:17.0.0] AndroidManifest.xml:26:5-28:35
17        android:glEsVersion="0x00020000"
17-->[com.google.android.gms:play-services-maps:17.0.0] AndroidManifest.xml:27:9-41
18        android:required="true" />
18-->[com.google.android.gms:play-services-maps:17.0.0] AndroidManifest.xml:28:9-32
19
20    <application
20-->src\main\AndroidManifest.xml:4:5-46:19
21        android:name="io.flutter.app.FlutterApplication"
21-->src\main\AndroidManifest.xml:5:9-57
22        android:appComponentFactory="androidx.core.app.CoreComponentFactory"
22-->[androidx.core:core:1.1.0] AndroidManifest.xml:24:18-86
23        android:icon="@mipmap/ic_launcher"
23-->src\main\AndroidManifest.xml:7:9-43
24        android:label="MyTracker" >
24-->src\main\AndroidManifest.xml:6:9-34
25        //paste your key google maps
26        <meta-data
26-->src\main\AndroidManifest.xml:9:9-10:70
27            android:name="com.google.android.geo.API_KEY"
27-->src\main\AndroidManifest.xml:9:20-65
28            android:value="AIzaSyAi5ewp5TLBzUiX7pcTUn9dws3RT0t0Nf4" />
28-->src\main\AndroidManifest.xml:10:13-68
29
30        <activity
30-->src\main\AndroidManifest.xml:12:9-40:20
31            android:name="com.example.mytracker.MainActivity"
31-->src\main\AndroidManifest.xml:13:13-41
32            android:configChanges="orientation|keyboardHidden|keyboard|screenSize|smallestScreenSize|locale|layoutDirection|fontScale|screenLayout|density|uiMode"
32-->src\main\AndroidManifest.xml:16:13-163
33            android:hardwareAccelerated="true"
33-->src\main\AndroidManifest.xml:17:13-47
34            android:launchMode="singleTop"
34-->src\main\AndroidManifest.xml:14:13-43
35            android:theme="@style/LaunchTheme"
35-->src\main\AndroidManifest.xml:15:13-47
36            android:windowSoftInputMode="adjustResize" >
36-->src\main\AndroidManifest.xml:18:13-55
37
38            <!--
39                 Specifies an Android theme to apply to this Activity as soon as
40                 the Android process has started. This theme is visible to the user
41                 while the Flutter UI initializes. After that, this theme continues
42                 to determine the Window background behind the Flutter UI.
43            -->
44            <meta-data
44-->src\main\AndroidManifest.xml:23:13-26:17
45                android:name="io.flutter.embedding.android.NormalTheme"
45-->src\main\AndroidManifest.xml:24:15-70
46                android:resource="@style/NormalTheme" />
46-->src\main\AndroidManifest.xml:25:15-52
47            <!--
48                 Displays an Android View that continues showing the launch screen
49                 Drawable until Flutter paints its first frame, then this splash
50                 screen fades out. A splash screen is useful to avoid any visual
51                 gap between the end of Android's launch screen and the painting of
52                 Flutter's first frame.
53            -->
54            <meta-data
54-->src\main\AndroidManifest.xml:32:13-35:17
55                android:name="io.flutter.embedding.android.SplashScreenDrawable"
55-->src\main\AndroidManifest.xml:33:15-79
56                android:resource="@drawable/launch_background" />
56-->src\main\AndroidManifest.xml:34:15-61
57
58            <intent-filter>
58-->src\main\AndroidManifest.xml:36:13-39:29
59                <action android:name="android.intent.action.MAIN" />
59-->src\main\AndroidManifest.xml:37:17-68
59-->src\main\AndroidManifest.xml:37:25-66
60
61                <category android:name="android.intent.category.LAUNCHER" />
61-->src\main\AndroidManifest.xml:38:17-76
61-->src\main\AndroidManifest.xml:38:27-74
62            </intent-filter>
63        </activity>
64        <!--
65             Don't delete the meta-data below.
66             This is used by the Flutter tool to generate GeneratedPluginRegistrant.java
67        -->
68        <meta-data
68-->src\main\AndroidManifest.xml:43:9-45:33
69            android:name="flutterEmbedding"
69-->src\main\AndroidManifest.xml:44:13-44
70            android:value="2" />
70-->src\main\AndroidManifest.xml:45:13-30
71
72        <activity
72-->[:url_launcher] AndroidManifest.xml:8:9-11:74
73            android:name="io.flutter.plugins.urllauncher.WebViewActivity"
73-->[:url_launcher] AndroidManifest.xml:9:13-74
74            android:exported="false"
74-->[:url_launcher] AndroidManifest.xml:10:13-37
75            android:theme="@android:style/Theme.NoTitleBar.Fullscreen" /> <!-- Needs to be explicitly declared on P+ -->
75-->[:url_launcher] AndroidManifest.xml:11:13-71
76        <uses-library
76-->[com.google.android.gms:play-services-maps:17.0.0] AndroidManifest.xml:33:9-35:40
77            android:name="org.apache.http.legacy"
77-->[com.google.android.gms:play-services-maps:17.0.0] AndroidManifest.xml:34:13-50
78            android:required="false" />
78-->[com.google.android.gms:play-services-maps:17.0.0] AndroidManifest.xml:35:13-37
79
80        <activity
80-->[com.google.android.gms:play-services-base:17.0.0] AndroidManifest.xml:23:9-26:75
81            android:name="com.google.android.gms.common.api.GoogleApiActivity"
81-->[com.google.android.gms:play-services-base:17.0.0] AndroidManifest.xml:24:13-79
82            android:exported="false"
82-->[com.google.android.gms:play-services-base:17.0.0] AndroidManifest.xml:25:13-37
83            android:theme="@android:style/Theme.Translucent.NoTitleBar" />
83-->[com.google.android.gms:play-services-base:17.0.0] AndroidManifest.xml:26:13-72
84
85        <meta-data
85-->[com.google.android.gms:play-services-basement:17.0.0] AndroidManifest.xml:23:9-25:69
86            android:name="com.google.android.gms.version"
86-->[com.google.android.gms:play-services-basement:17.0.0] AndroidManifest.xml:24:13-58
87            android:value="@integer/google_play_services_version" />
87-->[com.google.android.gms:play-services-basement:17.0.0] AndroidManifest.xml:25:13-66
88    </application>
89
90</manifest>